This is pdfTeX, Version 3.14159265-2.6-1.40.18 (TeX Live 2017) (preloaded format=pdflatex 2017.10.17)  13 NOV 2017 18:12
entering extended mode
 restricted \write18 enabled.
 %&-line parsing enabled.
**Latex.tex
(./Latex.tex
LaTeX2e <2017-04-15>
Babel <3.10> and hyphenation patterns for 22 language(s) loaded.
(/usr/local/texlive/2017basic/texmf-dist/tex/latex/base/article.cls
Document Class: article 2014/09/29 v1.4h Standard LaTeX document class
(/usr/local/texlive/2017basic/texmf-dist/tex/latex/base/size12.clo
File: size12.clo 2014/09/29 v1.4h Standard LaTeX file (size option)
)
\c@part=\count79
\c@section=\count80
\c@subsection=\count81
\c@subsubsection=\count82
\c@paragraph=\count83
\c@subparagraph=\count84
\c@figure=\count85
\c@table=\count86
\abovecaptionskip=\skip41
\belowcaptionskip=\skip42
\bibindent=\dimen102
)
(/usr/local/texlive/2017basic/texmf-dist/tex/latex/graphics/graphics.sty
Package: graphics 2017/04/14 v1.1b Standard LaTeX Graphics (DPC,SPQR)

(/usr/local/texlive/2017basic/texmf-dist/tex/latex/graphics/trig.sty
Package: trig 2016/01/03 v1.10 sin cos tan (DPC)
)
(/usr/local/texlive/2017basic/texmf-dist/tex/latex/graphics-cfg/graphics.cfg
File: graphics.cfg 2016/06/04 v1.11 sample graphics configuration
)
Package graphics Info: Driver file: pdftex.def on input line 99.

(/usr/local/texlive/2017basic/texmf-dist/tex/latex/graphics-def/pdftex.def
File: pdftex.def 2017/01/12 v0.06k Graphics/color for pdfTeX

(/usr/local/texlive/2017basic/texmf-dist/tex/generic/oberdiek/infwarerr.sty
Package: infwarerr 2016/05/16 v1.4 Providing info/warning/error messages (HO)
)
(/usr/local/texlive/2017basic/texmf-dist/tex/generic/oberdiek/ltxcmds.sty
Package: ltxcmds 2016/05/16 v1.23 LaTeX kernel commands for general use (HO)
)
\Gread@gobject=\count87
))
(/usr/local/texlive/2017basic/texmf-dist/tex/latex/oberdiek/pdflscape.sty
Package: pdflscape 2016/05/14 v0.11 Display of landscape pages in PDF (HO)

(/usr/local/texlive/2017basic/texmf-dist/tex/latex/graphics/lscape.sty
Package: lscape 2000/10/22 v3.01 Landscape Pages (DPC)
)
(/usr/local/texlive/2017basic/texmf-dist/tex/generic/oberdiek/ifpdf.sty
Package: ifpdf 2017/03/15 v3.2 Provides the ifpdf switch
)
Package pdflscape Info: Auto-detected driver: pdftex on input line 81.

(/usr/local/texlive/2017basic/texmf-dist/tex/generic/ifxetex/ifxetex.sty
Package: ifxetex 2010/09/12 v0.6 Provides ifxetex conditional
))
(/usr/local/texlive/2017basic/texmf-dist/tex/latex/tools/array.sty
Package: array 2016/10/06 v2.4d Tabular extension package (FMi)
\col@sep=\dimen103
\extrarowheight=\dimen104
\NC@list=\toks14
\extratabsurround=\skip43
\backup@length=\skip44
)
(/usr/local/texlive/2017basic/texmf-dist/tex/latex/graphics/color.sty
Package: color 2016/07/10 v1.1e Standard LaTeX Color (DPC)

(/usr/local/texlive/2017basic/texmf-dist/tex/latex/graphics-cfg/color.cfg
File: color.cfg 2016/01/02 v1.6 sample color configuration
)
Package color Info: Driver file: pdftex.def on input line 147.
)
(/usr/local/texlive/2017basic/texmf-dist/tex/latex/colortbl/colortbl.sty
Package: colortbl 2012/02/13 v1.0a Color table columns (DPC)
\everycr=\toks15
\minrowclearance=\skip45
)
(/usr/local/texlive/2017basic/texmf-dist/tex/latex/xcolor/xcolor.sty
Package: xcolor 2016/05/11 v2.12 LaTeX color extensions (UK)

(/usr/local/texlive/2017basic/texmf-dist/tex/latex/graphics-cfg/color.cfg
File: color.cfg 2016/01/02 v1.6 sample color configuration
)
Package xcolor Info: Driver file: pdftex.def on input line 225.
LaTeX Info: Redefining \color on input line 709.
Package xcolor Info: Model `cmy' substituted by `cmy0' on input line 1348.
Package xcolor Info: Model `hsb' substituted by `rgb' on input line 1352.
Package xcolor Info: Model `RGB' extended on input line 1364.
Package xcolor Info: Model `HTML' substituted by `rgb' on input line 1366.
Package xcolor Info: Model `Hsb' substituted by `hsb' on input line 1367.
Package xcolor Info: Model `tHsb' substituted by `hsb' on input line 1368.
Package xcolor Info: Model `HSB' substituted by `hsb' on input line 1369.
Package xcolor Info: Model `Gray' substituted by `gray' on input line 1370.
Package xcolor Info: Model `wave' substituted by `hsb' on input line 1371.
)
(/usr/local/texlive/2017basic/texmf-dist/tex/latex/url/url.sty
\Urlmuskip=\muskip10
Package: url 2013/09/16  ver 3.4  Verb mode for urls, etc.
)
(/usr/local/texlive/2017basic/texmf-dist/tex/latex/amsfonts/amsfonts.sty
Package: amsfonts 2013/01/14 v3.01 Basic AMSFonts support
\@emptytoks=\toks16
\symAMSa=\mathgroup4
\symAMSb=\mathgroup5
LaTeX Font Info:    Overwriting math alphabet `\mathfrak' in version `bold'
(Font)                  U/euf/m/n --> U/euf/b/n on input line 106.
)
(/usr/local/texlive/2017basic/texmf-dist/tex/latex/graphics/epsfig.sty
Package: epsfig 1999/02/16 v1.7a (e)psfig emulation (SPQR)

(/usr/local/texlive/2017basic/texmf-dist/tex/latex/graphics/graphicx.sty
Package: graphicx 2014/10/28 v1.0g Enhanced LaTeX Graphics (DPC,SPQR)

(/usr/local/texlive/2017basic/texmf-dist/tex/latex/graphics/keyval.sty
Package: keyval 2014/10/28 v1.15 key=value parser (DPC)
\KV@toks@=\toks17
)
\Gin@req@height=\dimen105
\Gin@req@width=\dimen106
)
\epsfxsize=\dimen107
\epsfysize=\dimen108
)
(/usr/local/texlive/2017basic/texmf-dist/tex/latex/base/inputenc.sty
Package: inputenc 2015/03/17 v1.2c Input encoding file
\inpenc@prehook=\toks18
\inpenc@posthook=\toks19

(/usr/local/texlive/2017basic/texmf-dist/tex/latex/base/applemac.def
File: applemac.def 2015/03/17 v1.2c Input encoding file
))
(/usr/local/texlive/2017basic/texmf-dist/tex/generic/babel/babel.sty
Package: babel 2017/05/19 3.10 The Babel package

(/usr/local/texlive/2017basic/texmf-dist/tex/generic/babel-english/english.ldf
Language: english 2017/01/24 v3.3q English support from the babel system

(/usr/local/texlive/2017basic/texmf-dist/tex/generic/babel/babel.def
File: babel.def 2017/05/19 3.10 Babel common definitions
\babel@savecnt=\count88
\U@D=\dimen109
)
\l@canadian = a dialect from \language\l@american 
\l@australian = a dialect from \language\l@british 
\l@newzealand = a dialect from \language\l@british 
))
(/usr/local/texlive/2017basic/texmf-dist/tex/latex/hyperref/hyperref.sty
Package: hyperref 2017/03/14 v6.85a Hypertext links for LaTeX

(/usr/local/texlive/2017basic/texmf-dist/tex/generic/oberdiek/hobsub-hyperref.s
ty
Package: hobsub-hyperref 2016/05/16 v1.14 Bundle oberdiek, subset hyperref (HO)


(/usr/local/texlive/2017basic/texmf-dist/tex/generic/oberdiek/hobsub-generic.st
y
Package: hobsub-generic 2016/05/16 v1.14 Bundle oberdiek, subset generic (HO)
Package: hobsub 2016/05/16 v1.14 Construct package bundles (HO)
Package hobsub Info: Skipping package `infwarerr' (already loaded).
Package hobsub Info: Skipping package `ltxcmds' (already loaded).
Package: ifluatex 2016/05/16 v1.4 Provides the ifluatex switch (HO)
Package ifluatex Info: LuaTeX not detected.
Package: ifvtex 2016/05/16 v1.6 Detect VTeX and its facilities (HO)
Package ifvtex Info: VTeX not detected.
Package: intcalc 2016/05/16 v1.2 Expandable calculations with integers (HO)
Package hobsub Info: Skipping package `ifpdf' (already loaded).
Package: etexcmds 2016/05/16 v1.6 Avoid name clashes with e-TeX commands (HO)
Package etexcmds Info: Could not find \expanded.
(etexcmds)             That can mean that you are not using pdfTeX 1.50 or
(etexcmds)             that some package has redefined \expanded.
(etexcmds)             In the latter case, load this package earlier.
Package: kvsetkeys 2016/05/16 v1.17 Key value parser (HO)
Package: kvdefinekeys 2016/05/16 v1.4 Define keys (HO)
Package: pdftexcmds 2017/03/19 v0.25 Utility functions of pdfTeX for LuaTeX (HO
)
Package pdftexcmds Info: LuaTeX not detected.
Package pdftexcmds Info: \pdf@primitive is available.
Package pdftexcmds Info: \pdf@ifprimitive is available.
Package pdftexcmds Info: \pdfdraftmode found.
Package: pdfescape 2016/05/16 v1.14 Implements pdfTeX's escape features (HO)
Package: bigintcalc 2016/05/16 v1.4 Expandable calculations on big integers (HO
)
Package: bitset 2016/05/16 v1.2 Handle bit-vector datatype (HO)
Package: uniquecounter 2016/05/16 v1.3 Provide unlimited unique counter (HO)
)
Package hobsub Info: Skipping package `hobsub' (already loaded).
Package: letltxmacro 2016/05/16 v1.5 Let assignment for LaTeX macros (HO)
Package: hopatch 2016/05/16 v1.3 Wrapper for package hooks (HO)
Package: xcolor-patch 2016/05/16 xcolor patch
Package: atveryend 2016/05/16 v1.9 Hooks at the very end of document (HO)
Package atveryend Info: \enddocument detected (standard20110627).
Package: atbegshi 2016/06/09 v1.18 At begin shipout hook (HO)
Package: refcount 2016/05/16 v3.5 Data extraction from label references (HO)
Package: hycolor 2016/05/16 v1.8 Color options for hyperref/bookmark (HO)
) (/usr/local/texlive/2017basic/texmf-dist/tex/latex/oberdiek/auxhook.sty
Package: auxhook 2016/05/16 v1.4 Hooks for auxiliary files (HO)
)
(/usr/local/texlive/2017basic/texmf-dist/tex/latex/oberdiek/kvoptions.sty
Package: kvoptions 2016/05/16 v3.12 Key value format for package options (HO)
)
\@linkdim=\dimen110
\Hy@linkcounter=\count89
\Hy@pagecounter=\count90

(/usr/local/texlive/2017basic/texmf-dist/tex/latex/hyperref/pd1enc.def
File: pd1enc.def 2017/03/14 v6.85a Hyperref: PDFDocEncoding definition (HO)
)
\Hy@SavedSpaceFactor=\count91

(/usr/local/texlive/2017basic/texmf-dist/tex/latex/latexconfig/hyperref.cfg
File: hyperref.cfg 2002/06/06 v1.2 hyperref configuration of TeXLive
)
Package hyperref Info: Hyper figures OFF on input line 4498.
Package hyperref Info: Link nesting OFF on input line 4503.
Package hyperref Info: Hyper index ON on input line 4506.
Package hyperref Info: Plain pages OFF on input line 4513.
Package hyperref Info: Backreferencing ON on input line 4516.
Package hyperref Info: Implicit mode ON; LaTeX internals redefined.
Package hyperref Info: Bookmarks ON on input line 4751.

(/usr/local/texlive/2017basic/texmf-dist/tex/latex/hyperref/backref.sty
Package: backref 2016/05/21 v1.39 Bibliographical back referencing

(/usr/local/texlive/2017basic/texmf-dist/tex/latex/oberdiek/rerunfilecheck.sty
Package: rerunfilecheck 2016/05/16 v1.8 Rerun checks for auxiliary files (HO)
Package uniquecounter Info: New unique counter `rerunfilecheck' on input line 2
82.
))
\c@Hy@tempcnt=\count92
LaTeX Info: Redefining \url on input line 5104.
\XeTeXLinkMargin=\dimen111
\Fld@menulength=\count93
\Field@Width=\dimen112
\Fld@charsize=\dimen113
Package hyperref Info: Hyper figures OFF on input line 6358.
Package hyperref Info: Link nesting OFF on input line 6363.
Package hyperref Info: Hyper index ON on input line 6366.
Package hyperref Info: backreferencing ON on input line 6371.
Package hyperref Info: Link coloring OFF on input line 6378.
Package hyperref Info: Link coloring with OCG OFF on input line 6383.
Package hyperref Info: PDF/A mode OFF on input line 6388.
LaTeX Info: Redefining \ref on input line 6428.
LaTeX Info: Redefining \pageref on input line 6432.
\Hy@abspage=\count94
\c@Item=\count95
\c@Hfootnote=\count96
)

Package hyperref Message: Driver (autodetected): hpdftex.

(/usr/local/texlive/2017basic/texmf-dist/tex/latex/hyperref/hpdftex.def
File: hpdftex.def 2017/03/14 v6.85a Hyperref driver for pdfTeX
\Fld@listcount=\count97
\c@bookmark@seq@number=\count98
\Hy@SectionHShift=\skip46
)
Package hyperref Info: Option `colorlinks' set `false' on input line 19.

(/usr/local/texlive/2017basic/texmf-dist/tex/latex/listings/listings.sty
\lst@mode=\count99
\lst@gtempboxa=\box26
\lst@token=\toks20
\lst@length=\count100
\lst@currlwidth=\dimen114
\lst@column=\count101
\lst@pos=\count102
\lst@lostspace=\dimen115
\lst@width=\dimen116
\lst@newlines=\count103
\lst@lineno=\count104
\lst@maxwidth=\dimen117

(/usr/local/texlive/2017basic/texmf-dist/tex/latex/listings/lstmisc.sty
File: lstmisc.sty 2015/06/04 1.6 (Carsten Heinz)
\c@lstnumber=\count105
\lst@skipnumbers=\count106
\lst@framebox=\box27
)
(/usr/local/texlive/2017basic/texmf-dist/tex/latex/listings/listings.cfg
File: listings.cfg 2015/06/04 1.6 listings configuration
))
Package: listings 2015/06/04 1.6 (Carsten Heinz)

(/usr/local/texlive/2017basic/texmf-dist/tex/latex/listings/lstlang1.sty
File: lstlang1.sty 2015/06/04 1.6 listings language file
)
(./Latex.aux)
\openout1 = `Latex.aux'.

LaTeX Font Info:    Checking defaults for OML/cmm/m/it on input line 45.
LaTeX Font Info:    ... okay on input line 45.
LaTeX Font Info:    Checking defaults for T1/cmr/m/n on input line 45.
LaTeX Font Info:    ... okay on input line 45.
LaTeX Font Info:    Checking defaults for OT1/cmr/m/n on input line 45.
LaTeX Font Info:    ... okay on input line 45.
LaTeX Font Info:    Checking defaults for OMS/cmsy/m/n on input line 45.
LaTeX Font Info:    ... okay on input line 45.
LaTeX Font Info:    Checking defaults for OMX/cmex/m/n on input line 45.
LaTeX Font Info:    ... okay on input line 45.
LaTeX Font Info:    Checking defaults for U/cmr/m/n on input line 45.
LaTeX Font Info:    ... okay on input line 45.
LaTeX Font Info:    Checking defaults for PD1/pdf/m/n on input line 45.
LaTeX Font Info:    ... okay on input line 45.

(/usr/local/texlive/2017basic/texmf-dist/tex/context/base/mkii/supp-pdf.mkii
[Loading MPS to PDF converter (version 2006.09.02).]
\scratchcounter=\count107
\scratchdimen=\dimen118
\scratchbox=\box28
\nofMPsegments=\count108
\nofMParguments=\count109
\everyMPshowfont=\toks21
\MPscratchCnt=\count110
\MPscratchDim=\dimen119
\MPnumerator=\count111
\makeMPintoPDFobject=\count112
\everyMPtoPDFconversion=\toks22
) (/usr/local/texlive/2017basic/texmf-dist/tex/latex/oberdiek/epstopdf-base.sty
Package: epstopdf-base 2016/05/15 v2.6 Base part for package epstopdf
(/usr/local/texlive/2017basic/texmf-dist/tex/latex/oberdiek/grfext.sty
Package: grfext 2016/05/16 v1.2 Manage graphics extensions (HO)
)
Package epstopdf-base Info: Redefining graphics rule for `.eps' on input line 4
38.
Package grfext Info: Graphics extension search list:
(grfext)             [.png,.pdf,.jpg,.mps,.jpeg,.jbig2,.jb2,.PNG,.PDF,.JPG,.JPE
G,.JBIG2,.JB2,.eps]
(grfext)             \AppendGraphicsExtensions on input line 456.

(/usr/local/texlive/2017basic/texmf-dist/tex/latex/latexconfig/epstopdf-sys.cfg
File: epstopdf-sys.cfg 2010/07/13 v1.3 Configuration of (r)epstopdf for TeX Liv
e
))
\AtBeginShipoutBox=\box29
Package hyperref Info: Link coloring OFF on input line 45.
 (/usr/local/texlive/2017basic/texmf-dist/tex/latex/hyperref/nameref.sty
Package: nameref 2016/05/21 v2.44 Cross-referencing by name of section

(/usr/local/texlive/2017basic/texmf-dist/tex/generic/oberdiek/gettitlestring.st
y
Package: gettitlestring 2016/05/16 v1.5 Cleanup title references (HO)
)
\c@section@level=\count113
)
LaTeX Info: Redefining \ref on input line 45.
LaTeX Info: Redefining \pageref on input line 45.
LaTeX Info: Redefining \nameref on input line 45.
 (./Latex.out) (./Latex.out)
\@outlinefile=\write3
\openout3 = `Latex.out'.

\c@lstlisting=\count114

<Logos/LogoPolimi.png, id=120, 348.30125pt x 305.14pt>
File: Logos/LogoPolimi.png Graphic file (type png)

<use Logos/LogoPolimi.png>
Package pdftex.def Info: Logos/LogoPolimi.png used on input line 50.
(pdftex.def)             Requested size: 155.99762pt x 136.66452pt.

<Logos/LogoTravlendar.png, id=122, 462.22687pt x 99.37125pt>
File: Logos/LogoTravlendar.png Graphic file (type png)

<use Logos/LogoTravlendar.png>
Package pdftex.def Info: Logos/LogoTravlendar.png used on input line 54.
(pdftex.def)             Requested size: 350.99762pt x 75.45924pt.
 [1

{/usr/local/texlive/2017basic/texmf-var/fonts/map/pdftex/updmap/pdftex.map} <./
Logos/LogoPolimi.png> <./Logos/LogoTravlendar.png>]pdfTeX warning (ext4): desti
nation with the same identifier (name{page.1}) has been already used, duplicate
 ignored
<to be read again> 
                   \relax 
l.70 \newpage\null\thispagestyle{empty}\newpage
                                                [1] (./Latex.toc
LaTeX Font Info:    Try loading font information for U+msa on input line 3.

(/usr/local/texlive/2017basic/texmf-dist/tex/latex/amsfonts/umsa.fd
File: umsa.fd 2013/01/14 v3.01 AMS symbols A
)
LaTeX Font Info:    Try loading font information for U+msb on input line 3.

(/usr/local/texlive/2017basic/texmf-dist/tex/latex/amsfonts/umsb.fd
File: umsb.fd 2013/01/14 v3.01 AMS symbols B
))
\tf@toc=\write4
\openout4 = `Latex.toc'.

 [1]
LaTeX Font Info:    Try loading font information for OMS+cmr on input line 102.


(/usr/local/texlive/2017basic/texmf-dist/tex/latex/base/omscmr.fd
File: omscmr.fd 2014/09/29 v2.5h Standard LaTeX font definitions
)
LaTeX Font Info:    Font shape `OMS/cmr/m/n' in size <12> not available
(Font)              Font shape `OMS/cmsy/m/n' tried instead on input line 102.
pdfTeX warning (ext4): destination with the same identifier (name{page.1}) has 
been already used, duplicate ignored
<to be read again> 
                   \relax 
l.105 \item M
             eeting: an activity among the registered user and other people....
[1] [2] [3]
<"General Architecture - Page 1".png, id=192, 794.97pt x 614.295pt>
File: "General Architecture - Page 1".png Graphic file (type png)

<use "General Architecture - Page 1".png>
Package pdftex.def Info: "General Architecture - Page 1".png used on input line
 162.
(pdftex.def)             Requested size: 397.48402pt x 307.14674pt.

Overfull \hbox (25.10884pt too wide) in paragraph at lines 162--164
[][]
 []

[4] [5 <./General Architecture - Page 1.png>]
<"Component Diagram - Page 1".jpeg, id=203, 1720.17656pt x 1876.00874pt>
File: "Component Diagram - Page 1".jpeg Graphic file (type jpg)

<use "Component Diagram - Page 1".jpeg>
Package pdftex.def Info: "Component Diagram - Page 1".jpeg used on input line 1
69.
(pdftex.def)             Requested size: 412.85081pt x 450.2513pt.

Underfull \hbox (badness 2189) in paragraph at lines 168--170
\OT1/cmr/m/n/12 an overview on in-ter-faces that com-po-nents pro-vide for in-t
er-ac-tions.
 []


Overfull \hbox (22.85081pt too wide) in paragraph at lines 168--170
[] 
 []

[6 <./Component Diagram - Page 1.jpeg>] [7

]
<"ER ".png, id=212, 832.00838pt x 552.8655pt>
File: "ER ".png Graphic file (type png)
 <use "ER ".png>
Package pdftex.def Info: "ER ".png used on input line 209.
(pdftex.def)             Requested size: 416.00316pt x 276.43207pt.
 [8] [9 <./ER .png>] <"Deployment Diagram".jpeg, id=223, 794.97pt x 614.295pt>
File: "Deployment Diagram".jpeg Graphic file (type jpg)

<use "Deployment Diagram".jpeg>
Package pdftex.def Info: "Deployment Diagram".jpeg used on input line 221.
(pdftex.def)             Requested size: 476.98569pt x 368.57983pt.


LaTeX Warning: Float too large for page by 104.21312pt on input line 236.

[10 <./Deployment Diagram.jpeg>]
<"Sequence Registration".jpg, id=230, 1952.29375pt x 1289.81876pt>
File: "Sequence Registration".jpg Graphic file (type jpg)

<use "Sequence Registration".jpg>
Package pdftex.def Info: "Sequence Registration".jpg used on input line 258.
(pdftex.def)             Requested size: 585.69266pt x 386.94861pt.

<"Sequence Login".jpg, id=231, 1707.37875pt x 1507.6325pt>
File: "Sequence Login".jpg Graphic file (type jpg)

<use "Sequence Login".jpg>
Package pdftex.def Info: "Sequence Login".jpg used on input line 265.
(pdftex.def)             Requested size: 512.21759pt x 452.29324pt.

<"Sequence createActivity".jpg, id=232, 1846.9pt x 1208.515pt>
File: "Sequence createActivity".jpg Graphic file (type jpg)

<use "Sequence createActivity".jpg>
Package pdftex.def Info: "Sequence createActivity".jpg used on input line 272.
(pdftex.def)             Requested size: 554.07428pt x 362.5573pt.

<"Sequence modifyActivity".jpg, id=233, 1336.995pt x 2230.3325pt>
File: "Sequence modifyActivity".jpg Graphic file (type jpg)

<use "Sequence modifyActivity".jpg>
Package pdftex.def Info: "Sequence modifyActivity".jpg used on input line 279.
(pdftex.def)             Requested size: 360.99347pt x 602.19783pt.


LaTeX Warning: Float too large for page by 92.19777pt on input line 281.

<"Sequence deleteActivity".jpg, id=234, 1056.94875pt x 2142.0025pt>
File: "Sequence deleteActivity".jpg Graphic file (type jpg)

<use "Sequence deleteActivity".jpg>
Package pdftex.def Info: "Sequence deleteActivity".jpg used on input line 286.
(pdftex.def)             Requested size: 295.94363pt x 599.75662pt.


LaTeX Warning: Float too large for page by 89.75656pt on input line 288.

[11


] [12 <./Sequence Registration.jpg>] [13 <./Sequence Login.jpg>] [14 <./Sequenc
e createActivity.jpg>] [15 <./Sequence modifyActivity.jpg>] [16 <./Sequence del
eteActivity.jpg>] [17

] [18] [19] [20] [21]
Overfull \hbox (40.45609pt too wide) in paragraph at lines 464--465
[][][][][][][][][][][][][][][][][][][][][] 
 []

[22]
Underfull \hbox (badness 10000) in paragraph at lines 482--482
[]|\OT1/cmr/m/n/12 EventListener
 []


Underfull \hbox (badness 10000) in paragraph at lines 482--482
\OT1/cmr/m/n/12 Ac-tiv-i-ty-Con-troller
 []


Underfull \hbox (badness 10000) in paragraph at lines 483--483
[]|\OT1/cmr/m/n/12 EventListener
 []


Underfull \hbox (badness 10000) in paragraph at lines 483--483
\OT1/cmr/m/n/12 ActivityController
 []


Underfull \hbox (badness 10000) in paragraph at lines 483--483
\OT1/cmr/m/n/12 TripController
 []


Underfull \hbox (badness 10000) in paragraph at lines 485--485
[]|\OT1/cmr/m/n/12 EventListener
 []


Underfull \hbox (badness 10000) in paragraph at lines 485--485
\OT1/cmr/m/n/12 Ac-tiv-i-ty-Con-troller
 []


Underfull \hbox (badness 10000) in paragraph at lines 486--486
[]|\OT1/cmr/m/n/12 EventListener
 []


Underfull \hbox (badness 10000) in paragraph at lines 486--486
\OT1/cmr/m/n/12 Ac-tiv-i-ty-Con-troller
 []


Underfull \hbox (badness 10000) in paragraph at lines 486--486
\OT1/cmr/m/n/12 MapController
 []


Underfull \hbox (badness 10000) in paragraph at lines 487--487
[]|\OT1/cmr/m/n/12 EventListener
 []


Underfull \hbox (badness 10000) in paragraph at lines 487--487
\OT1/cmr/m/n/12 Ac-tiv-i-ty-Con-troller
 []


Underfull \hbox (badness 10000) in paragraph at lines 488--488
[]|\OT1/cmr/m/n/12 EventListener
 []


Underfull \hbox (badness 10000) in paragraph at lines 488--488
\OT1/cmr/m/n/12 User-Con-troller
 []


Underfull \hbox (badness 10000) in paragraph at lines 489--489
[]|\OT1/cmr/m/n/12 EventListener
 []


Underfull \hbox (badness 10000) in paragraph at lines 489--489
\OT1/cmr/m/n/12 Trip-Con-troller
 []


Underfull \hbox (badness 10000) in paragraph at lines 490--490
[]|\OT1/cmr/m/n/12 EventListener
 []


Underfull \hbox (badness 10000) in paragraph at lines 490--490
\OT1/cmr/m/n/12 Trip-Con-troller
 []


Underfull \hbox (badness 10000) in paragraph at lines 492--492
[]|\OT1/cmr/m/n/12 EventListener
 []


Underfull \hbox (badness 10000) in paragraph at lines 492--492
\OT1/cmr/m/n/12 Ac-tiv-i-ty-Con-troller
 []


Underfull \hbox (badness 10000) in paragraph at lines 493--493
[]|\OT1/cmr/m/n/12 EventListener
 []


Underfull \hbox (badness 10000) in paragraph at lines 495--495
[]|\OT1/cmr/m/n/12 EventListener
 []


Overfull \hbox (32.73857pt too wide) in paragraph at lines 480--497
[] 
 []


LaTeX Warning: Float too large for page by 17.23306pt on input line 497.

[23] [24]
Overfull \hbox (233.19215pt too wide) in paragraph at lines 536--539
\OT1/cmr/m/n/12 For test plan: https://cs.uwaterloo.ca/ gwed-del-l/cs446/ITandP
C.pdf http://www.csun.edu/ eugean/comp380/slides/ch15-
 []

Package atveryend Info: Empty hook `BeforeClearDocument' on input line 540.
[25

]
Package atveryend Info: Empty hook `AfterLastShipout' on input line 540.
 (./Latex.aux)
Package atveryend Info: Executing hook `AtVeryEndDocument' on input line 540.
Package atveryend Info: Executing hook `AtEndAfterFileList' on input line 540.
Package rerunfilecheck Info: File `Latex.out' has not changed.
(rerunfilecheck)             Checksum: 16A61E6627A2A1CE75701A0D7A51E85C;1875.
Package atveryend Info: Empty hook `AtVeryVeryEnd' on input line 540.
 ) 
Here is how much of TeX's memory you used:
 8433 strings out of 494437
 122196 string characters out of 6166644
 269560 words of memory out of 5000000
 11456 multiletter control sequences out of 15000+600000
 11880 words of font info for 44 fonts, out of 8000000 for 9000
 319 hyphenation exceptions out of 8191
 34i,15n,40p,392b,1876s stack positions out of 5000i,500n,10000p,200000b,80000s
</usr/local/texlive/2017basic/texmf-dist/fonts/type1/public/amsfonts/cm/cmbx1
2.pfb></usr/local/texlive/2017basic/texmf-dist/fonts/type1/public/amsfonts/cm/c
mbx8.pfb></usr/local/texlive/2017basic/texmf-dist/fonts/type1/public/amsfonts/c
m/cmr12.pfb></usr/local/texlive/2017basic/texmf-dist/fonts/type1/public/amsfont
s/cm/cmr17.pfb></usr/local/texlive/2017basic/texmf-dist/fonts/type1/public/amsf
onts/cm/cmsy10.pfb></usr/local/texlive/2017basic/texmf-dist/fonts/type1/public/
amsfonts/cm/cmti12.pfb></usr/local/texlive/2017basic/texmf-dist/fonts/type1/pub
lic/amsfonts/cm/cmtt10.pfb>
Output written on Latex.pdf (28 pages, 1732633 bytes).
PDF statistics:
 503 PDF objects out of 1000 (max. 8388607)
 446 compressed objects within 5 object streams
 201 named destinations out of 1000 (max. 500000)
 288 words of extra memory for PDF output out of 10000 (max. 10000000)

