This is pdfTeX, Version 3.14159265-2.6-1.40.18 (MiKTeX 2.9.6350 64-bit) (preloaded format=pdflatex 2017.10.17)  26 NOV 2017 17:52
entering extended mode
**./LatexDD.tex
(LatexDD.tex
LaTeX2e <2017-04-15>
Babel <3.10> and hyphenation patterns for 75 language(s) loaded.
("C:\Program Files\MiKTeX 2.9\tex\latex\base\article.cls"
Document Class: article 2014/09/29 v1.4h Standard LaTeX document class
("C:\Program Files\MiKTeX 2.9\tex\latex\base\size12.clo"
File: size12.clo 2014/09/29 v1.4h Standard LaTeX file (size option)
)
\c@part=\count79
\c@section=\count80
\c@subsection=\count81
\c@subsubsection=\count82
\c@paragraph=\count83
\c@subparagraph=\count84
\c@figure=\count85
\c@table=\count86
\abovecaptionskip=\skip41
\belowcaptionskip=\skip42
\bibindent=\dimen102
)
("C:\Program Files\MiKTeX 2.9\tex\latex\graphics\graphics.sty"
Package: graphics 2017/04/14 v1.1b Standard LaTeX Graphics (DPC,SPQR)

("C:\Program Files\MiKTeX 2.9\tex\latex\graphics\trig.sty"
Package: trig 2016/01/03 v1.10 sin cos tan (DPC)
)
("C:\Program Files\MiKTeX 2.9\tex\latex\graphics-cfg\graphics.cfg"
File: graphics.cfg 2016/06/04 v1.11 sample graphics configuration
)
Package graphics Info: Driver file: pdftex.def on input line 99.

("C:\Program Files\MiKTeX 2.9\tex\latex\graphics-def\pdftex.def"
File: pdftex.def 2017/01/12 v0.06k Graphics/color for pdfTeX

("C:\Program Files\MiKTeX 2.9\tex\generic\oberdiek\infwarerr.sty"
Package: infwarerr 2016/05/16 v1.4 Providing info/warning/error messages (HO)
)
("C:\Program Files\MiKTeX 2.9\tex\generic\oberdiek\ltxcmds.sty"
Package: ltxcmds 2016/05/16 v1.23 LaTeX kernel commands for general use (HO)
)
\Gread@gobject=\count87
))
("C:\Program Files\MiKTeX 2.9\tex\latex\oberdiek\pdflscape.sty"
Package: pdflscape 2016/05/14 v0.11 Display of landscape pages in PDF (HO)

("C:\Program Files\MiKTeX 2.9\tex\latex\graphics\lscape.sty"
Package: lscape 2000/10/22 v3.01 Landscape Pages (DPC)
)
("C:\Program Files\MiKTeX 2.9\tex\generic\oberdiek\ifpdf.sty"
Package: ifpdf 2017/03/15 v3.2 Provides the ifpdf switch
)
Package pdflscape Info: Auto-detected driver: pdftex on input line 81.

("C:\Program Files\MiKTeX 2.9\tex\generic\ifxetex\ifxetex.sty"
Package: ifxetex 2010/09/12 v0.6 Provides ifxetex conditional
))
("C:\Program Files\MiKTeX 2.9\tex\latex\url\url.sty"
\Urlmuskip=\muskip10
Package: url 2013/09/16  ver 3.4  Verb mode for urls, etc.
)
("C:\Program Files\MiKTeX 2.9\tex\latex\float\float.sty"
Package: float 2001/11/08 v1.3d Float enhancements (AL)
\c@float@type=\count88
\float@exts=\toks14
\float@box=\box26
\@float@everytoks=\toks15
\@floatcapt=\box27
)
("C:\Program Files\MiKTeX 2.9\tex\latex\tools\array.sty"
Package: array 2016/10/06 v2.4d Tabular extension package (FMi)
\col@sep=\dimen103
\extrarowheight=\dimen104
\NC@list=\toks16
\extratabsurround=\skip43
\backup@length=\skip44
)
("C:\Program Files\MiKTeX 2.9\tex\latex\graphics\color.sty"
Package: color 2016/07/10 v1.1e Standard LaTeX Color (DPC)

("C:\Program Files\MiKTeX 2.9\tex\latex\graphics-cfg\color.cfg"
File: color.cfg 2016/01/02 v1.6 sample color configuration
)
Package color Info: Driver file: pdftex.def on input line 147.
)
("C:\Program Files\MiKTeX 2.9\tex\latex\colortbl\colortbl.sty"
Package: colortbl 2012/02/13 v1.0a Color table columns (DPC)
\everycr=\toks17
\minrowclearance=\skip45
)
("C:\Program Files\MiKTeX 2.9\tex\latex\xcolor\xcolor.sty"
Package: xcolor 2016/05/11 v2.12 LaTeX color extensions (UK)

("C:\Program Files\MiKTeX 2.9\tex\latex\graphics-cfg\color.cfg"
File: color.cfg 2016/01/02 v1.6 sample color configuration
)
Package xcolor Info: Driver file: pdftex.def on input line 225.
LaTeX Info: Redefining \color on input line 709.
Package xcolor Info: Model `cmy' substituted by `cmy0' on input line 1348.
Package xcolor Info: Model `hsb' substituted by `rgb' on input line 1352.
Package xcolor Info: Model `RGB' extended on input line 1364.
Package xcolor Info: Model `HTML' substituted by `rgb' on input line 1366.
Package xcolor Info: Model `Hsb' substituted by `hsb' on input line 1367.
Package xcolor Info: Model `tHsb' substituted by `hsb' on input line 1368.
Package xcolor Info: Model `HSB' substituted by `hsb' on input line 1369.
Package xcolor Info: Model `Gray' substituted by `gray' on input line 1370.
Package xcolor Info: Model `wave' substituted by `hsb' on input line 1371.
)
("C:\Program Files\MiKTeX 2.9\tex\latex\amsfonts\amsfonts.sty"
Package: amsfonts 2013/01/14 v3.01 Basic AMSFonts support
\@emptytoks=\toks18
\symAMSa=\mathgroup4
\symAMSb=\mathgroup5
LaTeX Font Info:    Overwriting math alphabet `\mathfrak' in version `bold'
(Font)                  U/euf/m/n --> U/euf/b/n on input line 106.
)
("C:\Program Files\MiKTeX 2.9\tex\latex\graphics\epsfig.sty"
Package: epsfig 1999/02/16 v1.7a (e)psfig emulation (SPQR)

("C:\Program Files\MiKTeX 2.9\tex\latex\graphics\graphicx.sty"
Package: graphicx 2014/10/28 v1.0g Enhanced LaTeX Graphics (DPC,SPQR)

("C:\Program Files\MiKTeX 2.9\tex\latex\graphics\keyval.sty"
Package: keyval 2014/10/28 v1.15 key=value parser (DPC)
\KV@toks@=\toks19
)
\Gin@req@height=\dimen105
\Gin@req@width=\dimen106
)
\epsfxsize=\dimen107
\epsfysize=\dimen108
)
("C:\Program Files\MiKTeX 2.9\tex\latex\base\inputenc.sty"
Package: inputenc 2015/03/17 v1.2c Input encoding file
\inpenc@prehook=\toks20
\inpenc@posthook=\toks21

("C:\Program Files\MiKTeX 2.9\tex\latex\base\applemac.def"
File: applemac.def 2015/03/17 v1.2c Input encoding file
))
("C:\Program Files\MiKTeX 2.9\tex\generic\babel\babel.sty"
Package: babel 2017/05/19 3.10 The Babel package

*************************************
* Local config file bblopts.cfg used
*
("C:\Program Files\MiKTeX 2.9\tex\latex\arabi\bblopts.cfg"
File: bblopts.cfg 2005/09/08 v0.1 add Arabic and Farsi to "declared" options of
 babel
)
("C:\Program Files\MiKTeX 2.9\tex\latex\babel-english\english.ldf"
Language: english 2017/01/24 v3.3q English support from the babel system

("C:\Program Files\MiKTeX 2.9\tex\generic\babel\babel.def"
File: babel.def 2017/05/19 3.10 Babel common definitions
\babel@savecnt=\count89
\U@D=\dimen109
)
\l@canadian = a dialect from \language\l@american 
\l@australian = a dialect from \language\l@british 
\l@newzealand = a dialect from \language\l@british 
))
("C:\Program Files\MiKTeX 2.9\tex\latex\hyperref\hyperref.sty"
Package: hyperref 2017/03/14 v6.85a Hypertext links for LaTeX

("C:\Program Files\MiKTeX 2.9\tex\generic\oberdiek\hobsub-hyperref.sty"
Package: hobsub-hyperref 2016/05/16 v1.14 Bundle oberdiek, subset hyperref (HO)


("C:\Program Files\MiKTeX 2.9\tex\generic\oberdiek\hobsub-generic.sty"
Package: hobsub-generic 2016/05/16 v1.14 Bundle oberdiek, subset generic (HO)
Package: hobsub 2016/05/16 v1.14 Construct package bundles (HO)
Package hobsub Info: Skipping package `infwarerr' (already loaded).
Package hobsub Info: Skipping package `ltxcmds' (already loaded).
Package: ifluatex 2016/05/16 v1.4 Provides the ifluatex switch (HO)
Package ifluatex Info: LuaTeX not detected.
Package: ifvtex 2016/05/16 v1.6 Detect VTeX and its facilities (HO)
Package ifvtex Info: VTeX not detected.
Package: intcalc 2016/05/16 v1.2 Expandable calculations with integers (HO)
Package hobsub Info: Skipping package `ifpdf' (already loaded).
Package: etexcmds 2016/05/16 v1.6 Avoid name clashes with e-TeX commands (HO)
Package etexcmds Info: Could not find \expanded.
(etexcmds)             That can mean that you are not using pdfTeX 1.50 or
(etexcmds)             that some package has redefined \expanded.
(etexcmds)             In the latter case, load this package earlier.
Package: kvsetkeys 2016/05/16 v1.17 Key value parser (HO)
Package: kvdefinekeys 2016/05/16 v1.4 Define keys (HO)
Package: pdftexcmds 2017/03/19 v0.25 Utility functions of pdfTeX for LuaTeX (HO
)
Package pdftexcmds Info: LuaTeX not detected.
Package pdftexcmds Info: \pdf@primitive is available.
Package pdftexcmds Info: \pdf@ifprimitive is available.
Package pdftexcmds Info: \pdfdraftmode found.
Package: pdfescape 2016/05/16 v1.14 Implements pdfTeX's escape features (HO)
Package: bigintcalc 2016/05/16 v1.4 Expandable calculations on big integers (HO
)
Package: bitset 2016/05/16 v1.2 Handle bit-vector datatype (HO)
Package: uniquecounter 2016/05/16 v1.3 Provide unlimited unique counter (HO)
)
Package hobsub Info: Skipping package `hobsub' (already loaded).
Package: letltxmacro 2016/05/16 v1.5 Let assignment for LaTeX macros (HO)
Package: hopatch 2016/05/16 v1.3 Wrapper for package hooks (HO)
Package: xcolor-patch 2016/05/16 xcolor patch
Package: atveryend 2016/05/16 v1.9 Hooks at the very end of document (HO)
Package atveryend Info: \enddocument detected (standard20110627).
Package: atbegshi 2016/06/09 v1.18 At begin shipout hook (HO)
Package: refcount 2016/05/16 v3.5 Data extraction from label references (HO)
Package: hycolor 2016/05/16 v1.8 Color options for hyperref/bookmark (HO)
)
("C:\Program Files\MiKTeX 2.9\tex\latex\oberdiek\auxhook.sty"
Package: auxhook 2016/05/16 v1.4 Hooks for auxiliary files (HO)
)
("C:\Program Files\MiKTeX 2.9\tex\latex\oberdiek\kvoptions.sty"
Package: kvoptions 2016/05/16 v3.12 Key value format for package options (HO)
)
\@linkdim=\dimen110
\Hy@linkcounter=\count90
\Hy@pagecounter=\count91

("C:\Program Files\MiKTeX 2.9\tex\latex\hyperref\pd1enc.def"
File: pd1enc.def 2017/03/14 v6.85a Hyperref: PDFDocEncoding definition (HO)
)
\Hy@SavedSpaceFactor=\count92

("C:\Program Files\MiKTeX 2.9\tex\latex\00miktex\hyperref.cfg"
File: hyperref.cfg 2002/06/06 v1.2 hyperref configuration of TeXLive
)
Package hyperref Info: Hyper figures OFF on input line 4498.
Package hyperref Info: Link nesting OFF on input line 4503.
Package hyperref Info: Hyper index ON on input line 4506.
Package hyperref Info: Plain pages OFF on input line 4513.
Package hyperref Info: Backreferencing ON on input line 4516.
Package hyperref Info: Implicit mode ON; LaTeX internals redefined.
Package hyperref Info: Bookmarks ON on input line 4751.

("C:\Program Files\MiKTeX 2.9\tex\latex\hyperref\backref.sty"
Package: backref 2016/05/21 v1.39 Bibliographical back referencing

("C:\Program Files\MiKTeX 2.9\tex\latex\oberdiek\rerunfilecheck.sty"
Package: rerunfilecheck 2016/05/16 v1.8 Rerun checks for auxiliary files (HO)
Package uniquecounter Info: New unique counter `rerunfilecheck' on input line 2
82.
))
\c@Hy@tempcnt=\count93
LaTeX Info: Redefining \url on input line 5104.
\XeTeXLinkMargin=\dimen111
\Fld@menulength=\count94
\Field@Width=\dimen112
\Fld@charsize=\dimen113
Package hyperref Info: Hyper figures OFF on input line 6358.
Package hyperref Info: Link nesting OFF on input line 6363.
Package hyperref Info: Hyper index ON on input line 6366.
Package hyperref Info: backreferencing ON on input line 6371.
Package hyperref Info: Link coloring OFF on input line 6378.
Package hyperref Info: Link coloring with OCG OFF on input line 6383.
Package hyperref Info: PDF/A mode OFF on input line 6388.
LaTeX Info: Redefining \ref on input line 6428.
LaTeX Info: Redefining \pageref on input line 6432.
\Hy@abspage=\count95
\c@Item=\count96
\c@Hfootnote=\count97
)

Package hyperref Message: Driver (autodetected): hpdftex.

("C:\Program Files\MiKTeX 2.9\tex\latex\hyperref\hpdftex.def"
File: hpdftex.def 2017/03/14 v6.85a Hyperref driver for pdfTeX
\Fld@listcount=\count98
\c@bookmark@seq@number=\count99
\Hy@SectionHShift=\skip46
)
Package hyperref Info: Option `colorlinks' set `false' on input line 21.

("C:\Program Files\MiKTeX 2.9\tex\latex\listings\listings.sty"
\lst@mode=\count100
\lst@gtempboxa=\box28
\lst@token=\toks22
\lst@length=\count101
\lst@currlwidth=\dimen114
\lst@column=\count102
\lst@pos=\count103
\lst@lostspace=\dimen115
\lst@width=\dimen116
\lst@newlines=\count104
\lst@lineno=\count105
\lst@maxwidth=\dimen117

("C:\Program Files\MiKTeX 2.9\tex\latex\listings\lstmisc.sty"
File: lstmisc.sty 2015/06/04 1.6 (Carsten Heinz)
\c@lstnumber=\count106
\lst@skipnumbers=\count107
\lst@framebox=\box29
)
("C:\Program Files\MiKTeX 2.9\tex\latex\listings\listings.cfg"
File: listings.cfg 2015/06/04 1.6 listings configuration
))
Package: listings 2015/06/04 1.6 (Carsten Heinz)

("C:\Program Files\MiKTeX 2.9\tex\latex\listings\lstlang1.sty"
File: lstlang1.sty 2015/06/04 1.6 listings language file
) (LatexDD.aux)
\openout1 = `LatexDD.aux'.

LaTeX Font Info:    Checking defaults for OML/cmm/m/it on input line 47.
LaTeX Font Info:    ... okay on input line 47.
LaTeX Font Info:    Checking defaults for T1/cmr/m/n on input line 47.
LaTeX Font Info:    ... okay on input line 47.
LaTeX Font Info:    Checking defaults for OT1/cmr/m/n on input line 47.
LaTeX Font Info:    ... okay on input line 47.
LaTeX Font Info:    Checking defaults for OMS/cmsy/m/n on input line 47.
LaTeX Font Info:    ... okay on input line 47.
LaTeX Font Info:    Checking defaults for OMX/cmex/m/n on input line 47.
LaTeX Font Info:    ... okay on input line 47.
LaTeX Font Info:    Checking defaults for U/cmr/m/n on input line 47.
LaTeX Font Info:    ... okay on input line 47.
LaTeX Font Info:    Checking defaults for PD1/pdf/m/n on input line 47.
LaTeX Font Info:    ... okay on input line 47.

("C:\Program Files\MiKTeX 2.9\tex\context\base\supp-pdf.mkii"
[Loading MPS to PDF converter (version 2006.09.02).]
\scratchcounter=\count108
\scratchdimen=\dimen118
\scratchbox=\box30
\nofMPsegments=\count109
\nofMParguments=\count110
\everyMPshowfont=\toks23
\MPscratchCnt=\count111
\MPscratchDim=\dimen119
\MPnumerator=\count112
\makeMPintoPDFobject=\count113
\everyMPtoPDFconversion=\toks24
) ("C:\Program Files\MiKTeX 2.9\tex\latex\oberdiek\epstopdf-base.sty"
Package: epstopdf-base 2016/05/15 v2.6 Base part for package epstopdf

("C:\Program Files\MiKTeX 2.9\tex\latex\oberdiek\grfext.sty"
Package: grfext 2016/05/16 v1.2 Manage graphics extensions (HO)
)
Package epstopdf-base Info: Redefining graphics rule for `.eps' on input line 4
38.
Package grfext Info: Graphics extension search list:
(grfext)             [.png,.pdf,.jpg,.mps,.jpeg,.jbig2,.jb2,.PNG,.PDF,.JPG,.JPE
G,.JBIG2,.JB2,.eps]
(grfext)             \AppendGraphicsExtensions on input line 456.
)
\AtBeginShipoutBox=\box31
Package hyperref Info: Link coloring OFF on input line 47.

("C:\Program Files\MiKTeX 2.9\tex\latex\hyperref\nameref.sty"
Package: nameref 2016/05/21 v2.44 Cross-referencing by name of section

("C:\Program Files\MiKTeX 2.9\tex\generic\oberdiek\gettitlestring.sty"
Package: gettitlestring 2016/05/16 v1.5 Cleanup title references (HO)
)
\c@section@level=\count114
)
LaTeX Info: Redefining \ref on input line 47.
LaTeX Info: Redefining \pageref on input line 47.
LaTeX Info: Redefining \nameref on input line 47.

(LatexDD.out) (LatexDD.out)
\@outlinefile=\write3
\openout3 = `LatexDD.out'.

\c@lstlisting=\count115

<Logos/LogoPolimi.png, id=147, 348.30125pt x 305.14pt>
File: Logos/LogoPolimi.png Graphic file (type png)

<use Logos/LogoPolimi.png>
Package pdftex.def Info: Logos/LogoPolimi.png used on input line 52.
(pdftex.def)             Requested size: 155.99762pt x 136.66452pt.

<Logos/LogoTravlendar.png, id=149, 462.22687pt x 99.37125pt>
File: Logos/LogoTravlendar.png Graphic file (type png)

<use Logos/LogoTravlendar.png>
Package pdftex.def Info: Logos/LogoTravlendar.png used on input line 56.
(pdftex.def)             Requested size: 350.99762pt x 75.45924pt.
 [1

{C:/ProgramData/MiKTeX/2.9/pdftex/config/pdftex.map} <./Logos/LogoPolimi.png> <
./Logos/LogoTravlendar.png>]pdfTeX warning (ext4): destination with the same id
entifier (name{page.1}) has been already used, duplicate ignored
<to be read again> 
                   \relax 
l.72 \newpage\null\thispagestyle{empty}\newpage
                                                [1] (LatexDD.toc
LaTeX Font Info:    Try loading font information for U+msa on input line 3.

("C:\Program Files\MiKTeX 2.9\tex\latex\amsfonts\umsa.fd"
File: umsa.fd 2013/01/14 v3.01 AMS symbols A
)
LaTeX Font Info:    Try loading font information for U+msb on input line 3.

("C:\Program Files\MiKTeX 2.9\tex\latex\amsfonts\umsb.fd"
File: umsb.fd 2013/01/14 v3.01 AMS symbols B
) [1])
\tf@toc=\write4
\openout4 = `LatexDD.toc'.

 [2]
LaTeX Font Info:    Try loading font information for OMS+cmr on input line 104.


("C:\Program Files\MiKTeX 2.9\tex\latex\base\omscmr.fd"
File: omscmr.fd 2014/09/29 v2.5h Standard LaTeX font definitions
)
LaTeX Font Info:    Font shape `OMS/cmr/m/n' in size <12> not available
(Font)              Font shape `OMS/cmsy/m/n' tried instead on input line 104.
pdfTeX warning (ext4): destination with the same identifier (name{page.1}) has 
been already used, duplicate ignored
<to be read again> 
                   \relax 
l.108 \item B
             reak: an activity that a registered user can insert in order to...
[1] [2]
Overfull \hbox (59.7749pt too wide) in paragraph at lines 134--135
[][]$\OT1/cmtt/m/n/12 https : / / msdn . microsoft . com / it -[] it / library 
/ windows / desktop / ms685068(v =
 []


Overfull \hbox (54.5999pt too wide) in paragraph at lines 136--137
[][]$\OT1/cmtt/m/n/12 https : / / www . alertra . com / blog / 2010 / improve -
[] availability -[] performance -[]
 []


Overfull \hbox (34.57489pt too wide) in paragraph at lines 137--138
[][]$\OT1/cmtt/m/n/12 https : / / docs . oracle . com / cd / B14117 _ 01 / serv
er . 101 / b10743 / security .
 []


Overfull \hbox (3.69987pt too wide) in paragraph at lines 138--139
[][]$\OT1/cmtt/m/n/12 https : / / www . tutorialspoint . com / software _ testi
ng _ dictionary /
 []

[3] [4]
<"Diagrams/General Architecture - Page 1".png, id=244, 794.97pt x 614.295pt>
File: "Diagrams/General Architecture - Page 1".png Graphic file (type png)

<use "Diagrams/General Architecture - Page 1".png>
Package pdftex.def Info: "Diagrams/General Architecture - Page 1".png used on i
nput line 171.
(pdftex.def)             Requested size: 397.48402pt x 307.14674pt.

Overfull \hbox (25.10884pt too wide) in paragraph at lines 171--173
[][]
 []

[5 <./Diagrams/General Architecture - Page 1.png>]
<"Diagrams/Component Diagram - Page 1".jpeg, id=250, 2080.77374pt x 1860.9525pt
>
File: "Diagrams/Component Diagram - Page 1".jpeg Graphic file (type jpg)
 <use "Diagrams/Component Diagram - Page 1".jpeg>
Package pdftex.def Info: "Diagrams/Component Diagram - Page 1".jpeg used on inp
ut line 179.
(pdftex.def)             Requested size: 457.77165pt x 409.41081pt.
 [6 <./Diagrams/Component Diagram - Page 1.jpeg>] [7

] [8]
<"Diagrams/ER ".png, id=264, 1635.86156pt x 1008.76875pt>
File: "Diagrams/ER ".png Graphic file (type png)

<use "Diagrams/ER ".png>
Package pdftex.def Info: "Diagrams/ER ".png used on input line 219.
(pdftex.def)             Requested size: 441.68852pt x 272.3712pt.
 [9


 <./Diagrams/ER .png>]
<"Diagrams/Deployment Diagram".jpeg, id=271, 922.19531pt x 668.4975pt>
File: "Diagrams/Deployment Diagram".jpeg Graphic file (type jpg)

<use "Diagrams/Deployment Diagram".jpeg>
Package pdftex.def Info: "Diagrams/Deployment Diagram".jpeg used on input line 
229.
(pdftex.def)             Requested size: 368.8716pt x 267.39426pt.
 [10


 <./Diagrams/Deployment Diagram.jpeg>] [11]
<"Diagrams/Sequence Registration".png, id=281, 1464.2203pt x 967.36406pt>
File: "Diagrams/Sequence Registration".png Graphic file (type png)

<use "Diagrams/Sequence Registration".png>
Package pdftex.def Info: "Diagrams/Sequence Registration".png used on input lin
e 265.
(pdftex.def)             Requested size: 439.26949pt x 290.21146pt.

<"Diagrams/Sequence Login".jpg, id=282, 1731.46875pt x 1507.6325pt>
File: "Diagrams/Sequence Login".jpg Graphic file (type jpg)

<use "Diagrams/Sequence Login".jpg>
Package pdftex.def Info: "Diagrams/Sequence Login".jpg used on input line 272.
(pdftex.def)             Requested size: 519.44464pt x 452.29324pt.

<"Diagrams/Sequence createActivity".jpg, id=283, 2690.05pt x 1647.15375pt>
File: "Diagrams/Sequence createActivity".jpg Graphic file (type jpg)

<use "Diagrams/Sequence createActivity".jpg>
Package pdftex.def Info: "Diagrams/Sequence createActivity".jpg used on input l
ine 279.
(pdftex.def)             Requested size: 538.00047pt x 329.42491pt.

<"Diagrams/Sequence modifyActivity".jpg, id=284, 2927.93875pt x 1485.55pt>
File: "Diagrams/Sequence modifyActivity".jpg Graphic file (type jpg)

<use "Diagrams/Sequence modifyActivity".jpg>
Package pdftex.def Info: "Diagrams/Sequence modifyActivity".jpg used on input l
ine 286.
(pdftex.def)             Requested size: 585.5774pt x 297.10474pt.

<"Diagrams/Sequence deleteActivity".png, id=285, 1729.21031pt x 964.35281pt>
File: "Diagrams/Sequence deleteActivity".png Graphic file (type png)

<use "Diagrams/Sequence deleteActivity".png>
Package pdftex.def Info: "Diagrams/Sequence deleteActivity".png used on input l
ine 293.
(pdftex.def)             Requested size: 484.1756pt x 270.01695pt.

<"Diagrams/Sequence chooseFavouriteTrip".png, id=286, 1576.38937pt x 684.30656p
t>
File: "Diagrams/Sequence chooseFavouriteTrip".png Graphic file (type png)
 <use "Diagrams/Sequence chooseFavouriteTrip".png>
Package pdftex.def Info: "Diagrams/Sequence chooseFavouriteTrip".png used on in
put line 300.
(pdftex.def)             Requested size: 599.0342pt x 260.03918pt.
 [12

] [13 <./Diagrams/Sequence Registration.png>] [14 <./Diagrams/Sequence Login.jp
g>] [15 <./Diagrams/Sequence createActivity.jpg>] [16 <./Diagrams/Sequence modi
fyActivity.jpg>]
[17 <./Diagrams/Sequence deleteActivity.png>] [18 <./Diagrams/Sequence chooseFa
vouriteTrip.png>]
<"Diagrams/Sequence ModifyUserPreferences".jpg, id=331, 1487.5575pt x 808.01875
pt>
File: "Diagrams/Sequence ModifyUserPreferences".jpg Graphic file (type jpg)
 <use "Diagrams/Sequence ModifyUserPreferences".jpg>
Package pdftex.def Info: "Diagrams/Sequence ModifyUserPreferences".jpg used on 
input line 309.
(pdftex.def)             Requested size: 595.01247pt x 323.20177pt.
 [19 <./Diagrams/Sequence ModifyUserPreferences.jpg>]
<"Diagrams/Components interfaces".jpg, id=338, 892.5345pt x 968.418pt>
File: "Diagrams/Components interfaces".jpg Graphic file (type jpg)

<use "Diagrams/Components interfaces".jpg>
Package pdftex.def Info: "Diagrams/Components interfaces".jpg used on input lin
e 320.
(pdftex.def)             Requested size: 535.52484pt x 581.05528pt.


LaTeX Warning: Float too large for page by 54.10526pt on input line 321.

[20 <./Diagrams/Components interfaces.jpg>] [21



] [22] [23] [24] [25]
Overfull \hbox (40.45609pt too wide) in paragraph at lines 478--479
[][][][][][][][][][][][][][][][][][][][][] 
 []

[26] [27] <"Mockup/mockup login".png, id=494, 1505.625pt x 2810.5pt>
File: "Mockup/mockup login".png Graphic file (type png)

<use "Mockup/mockup login".png>
Package pdftex.def Info: "Mockup/mockup login".png used on input line 503.
(pdftex.def)             Requested size: 165.61926pt x 309.15596pt.
 [28

 <./Mockup/mockup login.png>]
<"Mockup/mockup meeting".png, id=501, 1505.625pt x 2810.5pt>
File: "Mockup/mockup meeting".png Graphic file (type png)

<use "Mockup/mockup meeting".png>
Package pdftex.def Info: "Mockup/mockup meeting".png used on input line 513.
(pdftex.def)             Requested size: 165.61926pt x 309.15596pt.

<"Mockup/mockup options".png, id=502, 1505.625pt x 2810.5pt>
File: "Mockup/mockup options".png Graphic file (type png)

<use "Mockup/mockup options".png>
Package pdftex.def Info: "Mockup/mockup options".png used on input line 513.
(pdftex.def)             Requested size: 165.61926pt x 309.15596pt.
 [29

 <./Mockup/mockup meeting.png> <./Mockup/mockup options.png>]
<"Mockup/mockup add activity".png, id=508, 1505.625pt x 2810.5pt>
File: "Mockup/mockup add activity".png Graphic file (type png)

<use "Mockup/mockup add activity".png>
Package pdftex.def Info: "Mockup/mockup add activity".png used on input line 52
3.
(pdftex.def)             Requested size: 165.61926pt x 309.15596pt.

<"Mockup/mockup modify activity".png, id=509, 1505.625pt x 2810.5pt>
File: "Mockup/mockup modify activity".png Graphic file (type png)

<use "Mockup/mockup modify activity".png>
Package pdftex.def Info: "Mockup/mockup modify activity".png used on input line
 523.
(pdftex.def)             Requested size: 165.61926pt x 309.15596pt.
 [30

 <./Mockup/mockup add activity.png> <./Mockup/mockup modify activity.png>]
<"Mockup/mockup trip selection".png, id=515, 1505.625pt x 2810.5pt>
File: "Mockup/mockup trip selection".png Graphic file (type png)

<use "Mockup/mockup trip selection".png>
Package pdftex.def Info: "Mockup/mockup trip selection".png used on input line 
533.
(pdftex.def)             Requested size: 165.61926pt x 309.15596pt.

<"Mockup/mockup map".png, id=516, 1505.625pt x 2810.5pt>
File: "Mockup/mockup map".png Graphic file (type png)

<use "Mockup/mockup map".png>
Package pdftex.def Info: "Mockup/mockup map".png used on input line 533.
(pdftex.def)             Requested size: 165.61926pt x 309.15596pt.
 [31

 <./Mockup/mockup trip selection.png> <./Mockup/mockup map.png>]
Underfull \hbox (badness 10000) in paragraph at lines 547--547
[]|\OT1/cmr/m/n/12 EventListener
 []


Underfull \hbox (badness 10000) in paragraph at lines 547--547
\OT1/cmr/m/n/12 Ac-tiv-i-ty-Con-troller
 []


Underfull \hbox (badness 10000) in paragraph at lines 548--548
[]|\OT1/cmr/m/n/12 EventListener
 []


Underfull \hbox (badness 10000) in paragraph at lines 548--548
\OT1/cmr/m/n/12 ActivityController
 []


Underfull \hbox (badness 10000) in paragraph at lines 548--548
\OT1/cmr/m/n/12 TripController
 []


Underfull \hbox (badness 10000) in paragraph at lines 550--550
[]|\OT1/cmr/m/n/12 EventListener
 []


Underfull \hbox (badness 10000) in paragraph at lines 550--550
\OT1/cmr/m/n/12 Ac-tiv-i-ty-Con-troller
 []


Underfull \hbox (badness 10000) in paragraph at lines 551--551
[]|\OT1/cmr/m/n/12 EventListener
 []


Underfull \hbox (badness 10000) in paragraph at lines 551--551
\OT1/cmr/m/n/12 Ac-tiv-i-ty-Con-troller
 []


Underfull \hbox (badness 10000) in paragraph at lines 551--551
\OT1/cmr/m/n/12 MapController
 []


Underfull \hbox (badness 10000) in paragraph at lines 552--552
[]|\OT1/cmr/m/n/12 EventListener
 []


Underfull \hbox (badness 10000) in paragraph at lines 552--552
\OT1/cmr/m/n/12 Ac-tiv-i-ty-Con-troller
 []


Underfull \hbox (badness 10000) in paragraph at lines 553--553
[]|\OT1/cmr/m/n/12 EventListener
 []


Underfull \hbox (badness 10000) in paragraph at lines 553--553
\OT1/cmr/m/n/12 User-Con-troller
 []


Underfull \hbox (badness 10000) in paragraph at lines 554--554
[]|\OT1/cmr/m/n/12 EventListener
 []


Underfull \hbox (badness 10000) in paragraph at lines 554--554
\OT1/cmr/m/n/12 Trip-Con-troller
 []


Underfull \hbox (badness 10000) in paragraph at lines 555--555
[]|\OT1/cmr/m/n/12 EventListener
 []


Underfull \hbox (badness 10000) in paragraph at lines 555--555
\OT1/cmr/m/n/12 Trip-Con-troller
 []


Underfull \hbox (badness 10000) in paragraph at lines 557--557
[]|\OT1/cmr/m/n/12 EventListener
 []


Underfull \hbox (badness 10000) in paragraph at lines 557--557
\OT1/cmr/m/n/12 Ac-tiv-i-ty-Con-troller
 []


Underfull \hbox (badness 10000) in paragraph at lines 558--558
[]|\OT1/cmr/m/n/12 EventListener
 []


Underfull \hbox (badness 10000) in paragraph at lines 560--560
[]|\OT1/cmr/m/n/12 EventListener
 []


Overfull \hbox (32.73857pt too wide) in paragraph at lines 543--562
[] 
 []


LaTeX Warning: Float too large for page by 74.76639pt on input line 562.

[32] [33


] [34] <"Diagrams/impl1".png, id=538, 577.15625pt x 140.525pt>
File: "Diagrams/impl1".png Graphic file (type png)

<use "Diagrams/impl1".png>
Package pdftex.def Info: "Diagrams/impl1".png used on input line 610.
(pdftex.def)             Requested size: 288.57741pt x 70.26231pt.

<"Diagrams/impl2".png, id=539, 585.68813pt x 277.035pt>
File: "Diagrams/impl2".png Graphic file (type png)

<use "Diagrams/impl2".png>
Package pdftex.def Info: "Diagrams/impl2".png used on input line 617.
(pdftex.def)             Requested size: 292.84334pt x 138.51715pt.

<"Diagrams/impl3".png, id=540, 616.3025pt x 297.61188pt>
File: "Diagrams/impl3".png Graphic file (type png)

<use "Diagrams/impl3".png>
Package pdftex.def Info: "Diagrams/impl3".png used on input line 623.
(pdftex.def)             Requested size: 308.1505pt x 148.80557pt.
 [35 <./Diagrams/impl1.png> <./Diagrams/impl2.png>]
<"Diagrams/impl4".png, id=548, 589.70313pt x 134.00063pt>
File: "Diagrams/impl4".png Graphic file (type png)

<use "Diagrams/impl4".png>
Package pdftex.def Info: "Diagrams/impl4".png used on input line 629.
(pdftex.def)             Requested size: 294.85083pt x 67.00014pt.

<"Diagrams/impl5".png, id=549, 594.72188pt x 130.98938pt>
File: "Diagrams/impl5".png Graphic file (type png)

<use "Diagrams/impl5".png>
Package pdftex.def Info: "Diagrams/impl5".png used on input line 635.
(pdftex.def)             Requested size: 297.36021pt x 65.49452pt.

<"Diagrams/impl6".png, id=550, 604.75937pt x 295.60437pt>
File: "Diagrams/impl6".png Graphic file (type png)

<use "Diagrams/impl6".png>
Package pdftex.def Info: "Diagrams/impl6".png used on input line 641.
(pdftex.def)             Requested size: 302.37894pt x 147.80182pt.

Overfull \hbox (2.31755pt too wide) in paragraph at lines 638--642
 []\OT1/cmr/bx/n/12 Additional fea-tures (no-ti-fi-ca-tions, weather, traf-fic,
 strikes)[] \OT1/cmr/m/n/12 Travlen-
 []

[36 <./Diagrams/impl3.png> <./Diagrams/impl4.png> <./Diagrams/impl5.png>]
[37 <./Diagrams/impl6.png>]
Package atveryend Info: Empty hook `BeforeClearDocument' on input line 658.
 [38]
Package atveryend Info: Empty hook `AfterLastShipout' on input line 658.
 (LatexDD.aux)
Package atveryend Info: Executing hook `AtVeryEndDocument' on input line 658.
Package atveryend Info: Executing hook `AtEndAfterFileList' on input line 658.


Package rerunfilecheck Warning: File `LatexDD.out' has changed.
(rerunfilecheck)                Rerun to get outlines right
(rerunfilecheck)                or use package `bookmark'.

Package rerunfilecheck Info: Checksums for `LatexDD.out':
(rerunfilecheck)             Before: BEC3D7B496D1B88C5246E73AB3928208;2462
(rerunfilecheck)             After:  B4A94ECAC27751A7A0AC189B169B8F1A;2450.
Package atveryend Info: Empty hook `AtVeryVeryEnd' on input line 658.
 ) 
Here is how much of TeX's memory you used:
 8609 strings out of 493323
 124694 string characters out of 3139068
 277388 words of memory out of 3000000
 11771 multiletter control sequences out of 15000+200000
 12049 words of font info for 45 fonts, out of 3000000 for 9000
 1141 hyphenation exceptions out of 8191
 34i,15n,40p,981b,1876s stack positions out of 5000i,500n,10000p,200000b,50000s
<C:/Program Files/MiKTeX 2.9/fonts/type1/public/amsfonts/cm/cmbx12.pfb><C:/Pr
ogram Files/MiKTeX 2.9/fonts/type1/public/amsfonts/cm/cmbx8.pfb><C:/Program Fil
es/MiKTeX 2.9/fonts/type1/public/amsfonts/cm/cmr12.pfb><C:/Program Files/MiKTeX
 2.9/fonts/type1/public/amsfonts/cm/cmr17.pfb><C:/Program Files/MiKTeX 2.9/font
s/type1/public/amsfonts/cm/cmsy10.pfb><C:/Program Files/MiKTeX 2.9/fonts/type1/
public/amsfonts/cm/cmti12.pfb><C:/Program Files/MiKTeX 2.9/fonts/type1/public/a
msfonts/cm/cmtt10.pfb><C:/Program Files/MiKTeX 2.9/fonts/type1/public/amsfonts/
cm/cmtt12.pfb>
Output written on LatexDD.pdf (42 pages, 9672305 bytes).
PDF statistics:
 645 PDF objects out of 1000 (max. 8388607)
 231 named destinations out of 1000 (max. 500000)
 424 words of extra memory for PDF output out of 10000 (max. 10000000)

