\BOOKMARK [1][-]{section.1}{Introduction}{}% 1
\BOOKMARK [2][-]{subsection.1.1}{Purpose}{section.1}% 2
\BOOKMARK [2][-]{subsection.1.2}{Scope}{section.1}% 3
\BOOKMARK [2][-]{subsection.1.3}{Definitions, Acronyms, Abbreviations}{section.1}% 4
\BOOKMARK [2][-]{subsection.1.4}{Definitions}{section.1}% 5
\BOOKMARK [2][-]{subsection.1.5}{Acronyms}{section.1}% 6
\BOOKMARK [2][-]{subsection.1.6}{Abbreviations}{section.1}% 7
\BOOKMARK [2][-]{subsection.1.7}{Reference Documents}{section.1}% 8
\BOOKMARK [2][-]{subsection.1.8}{Document Structure}{section.1}% 9
\BOOKMARK [1][-]{section.2}{Architectural Design}{}% 10
\BOOKMARK [2][-]{subsection.2.1}{Overview}{section.2}% 11
\BOOKMARK [2][-]{subsection.2.2}{Component View}{section.2}% 12
\BOOKMARK [2][-]{subsection.2.3}{Deployment View}{section.2}% 13
\BOOKMARK [2][-]{subsection.2.4}{Runtime View}{section.2}% 14
\BOOKMARK [2][-]{subsection.2.5}{Component Interfaces}{section.2}% 15
\BOOKMARK [2][-]{subsection.2.6}{Selected Architectural Styles and Patterns}{section.2}% 16
\BOOKMARK [3][-]{subsubsection.2.6.1}{Three-Tier Architecture}{subsection.2.6}% 17
\BOOKMARK [3][-]{subsubsection.2.6.2}{Design Pattern}{subsection.2.6}% 18
\BOOKMARK [2][-]{subsection.2.7}{Other Design Decisions}{section.2}% 19
\BOOKMARK [1][-]{section.3}{Algorithm Design}{}% 20
\BOOKMARK [1][-]{section.4}{User Interface Design}{}% 21
\BOOKMARK [1][-]{section.5}{Requirements Traceability}{}% 22
\BOOKMARK [1][-]{section.6}{Implementation, Integration and Test Plan}{}% 23
\BOOKMARK [1][-]{section.7}{Effort Spent}{}% 24
\BOOKMARK [1][-]{section.8}{References}{}% 25
