\BOOKMARK [1][-]{section.1}{Introduction}{}% 1
\BOOKMARK [2][-]{subsection.1.1}{Purpose}{section.1}% 2
\BOOKMARK [3][-]{subsubsection.1.1.1}{Description of the RASD}{subsection.1.1}% 3
\BOOKMARK [3][-]{subsubsection.1.1.2}{Purpose of the application}{subsection.1.1}% 4
\BOOKMARK [2][-]{subsection.1.2}{Scope}{section.1}% 5
\BOOKMARK [3][-]{subsubsection.1.2.1}{Description of the given problem}{subsection.1.2}% 6
\BOOKMARK [3][-]{subsubsection.1.2.2}{Actual system}{subsection.1.2}% 7
\BOOKMARK [3][-]{subsubsection.1.2.3}{Goals}{subsection.1.2}% 8
\BOOKMARK [3][-]{subsubsection.1.2.4}{Actors}{subsection.1.2}% 9
\BOOKMARK [2][-]{subsection.1.3}{Definitions, acronyms, abbreviations}{section.1}% 10
\BOOKMARK [3][-]{subsubsection.1.3.1}{Definitions}{subsection.1.3}% 11
\BOOKMARK [3][-]{subsubsection.1.3.2}{Acronyms}{subsection.1.3}% 12
\BOOKMARK [3][-]{subsubsection.1.3.3}{Abbreviations}{subsection.1.3}% 13
\BOOKMARK [2][-]{subsection.1.4}{Revision history}{section.1}% 14
\BOOKMARK [2][-]{subsection.1.5}{Reference documents}{section.1}% 15
\BOOKMARK [2][-]{subsection.1.6}{Document structure}{section.1}% 16
\BOOKMARK [1][-]{section.2}{Overall description}{}% 17
\BOOKMARK [2][-]{subsection.2.1}{Product perspective}{section.2}% 18
\BOOKMARK [3][-]{subsubsection.2.1.1}{Class diagram}{subsection.2.1}% 19
\BOOKMARK [2][-]{subsection.2.2}{Product functions}{section.2}% 21
\BOOKMARK [3][-]{subsubsection.2.1.2}{Statechart diagram }{subsection.2.1}% 20
\BOOKMARK [2][-]{subsection.2.3}{User characteristics}{section.2}% 22
\BOOKMARK [2][-]{subsection.2.4}{Assumptions, dependencies and constraints}{section.2}% 23
\BOOKMARK [2][-]{subsection.2.5}{The World and The Machine}{section.2}% 24
\BOOKMARK [1][-]{section.3}{Specific requirements}{}% 25
\BOOKMARK [2][-]{subsection.3.1}{External interface requirements}{section.3}% 26
\BOOKMARK [3][-]{subsubsection.3.1.1}{User interfaces}{subsection.3.1}% 27
\BOOKMARK [3][-]{subsubsection.3.1.2}{Hardware interfaces}{subsection.3.1}% 28
\BOOKMARK [3][-]{subsubsection.3.1.3}{Software interfaces}{subsection.3.1}% 29
\BOOKMARK [3][-]{subsubsection.3.1.4}{Communication interfaces}{subsection.3.1}% 30
\BOOKMARK [2][-]{subsection.3.2}{Functional requirements}{section.3}% 31
\BOOKMARK [3][-]{subsubsection.3.2.1}{Scenarios}{subsection.3.2}% 32
\BOOKMARK [3][-]{subsubsection.3.2.2}{Use case diagrams}{subsection.3.2}% 33
\BOOKMARK [2][-]{subsection.3.3}{Performance requirements}{section.3}% 34
\BOOKMARK [2][-]{subsection.3.4}{Design constraints}{section.3}% 35
\BOOKMARK [3][-]{subsubsection.3.4.1}{Standards compliance}{subsection.3.4}% 36
\BOOKMARK [3][-]{subsubsection.3.4.2}{Hardware limitation}{subsection.3.4}% 37
\BOOKMARK [3][-]{subsubsection.3.4.3}{Any other constraint}{subsection.3.4}% 38
\BOOKMARK [2][-]{subsection.3.5}{Software system attributes}{section.3}% 39
\BOOKMARK [3][-]{subsubsection.3.5.1}{Reliability}{subsection.3.5}% 40
\BOOKMARK [3][-]{subsubsection.3.5.2}{Availability}{subsection.3.5}% 41
\BOOKMARK [3][-]{subsubsection.3.5.3}{Security}{subsection.3.5}% 42
\BOOKMARK [3][-]{subsubsection.3.5.4}{Maintainability}{subsection.3.5}% 43
\BOOKMARK [3][-]{subsubsection.3.5.5}{Portability}{subsection.3.5}% 44
\BOOKMARK [1][-]{section.4}{Formal analysis using alloy}{}% 45
\BOOKMARK [1][-]{section.5}{Effort spent}{}% 46
\BOOKMARK [1][-]{section.6}{References}{}% 47
